INFO  07:14:08 Application started. Press Ctrl+C to shut down.
INFO  07:14:08 Hosting environment: Development
INFO  07:14:08 Content root path: D:\CartAPI\CartAPI
INFO  07:14:30  Http Get  Details request
INFO  10:30:40 Application started. Press Ctrl+C to shut down.
INFO  10:30:40 Hosting environment: Development
INFO  10:30:40 Content root path: C:\Users\Administrator.KANINI-LTP-459\Downloads\flowerproj api\CartAPI\CartAPI
INFO  10:30:51  cart detail by 101 is invokedt
INFO  10:31:10  cart detail by 103 is invokedt
INFO  10:47:10 Application started. Press Ctrl+C to shut down.
INFO  10:47:10 Hosting environment: Development
INFO  10:47:10 Content root path: C:\Users\Administrator.KANINI-LTP-459\Downloads\flowerproj api\CartAPI\CartAPI
INFO  11:45:23  cart detail by 105 is invokedt
INFO  11:45:29  cart detail by 105 is invokedt
INFO  11:46:14  cart detail by 105 is invokedt
INFO  11:46:39  Add item to csrt is invoked
INFO  11:46:39  cart detail by 105 is invokedt
INFO  11:50:33  Add item to csrt is invoked
INFO  11:50:33  cart detail by 105 is invokedt
INFO  11:51:44 Application started. Press Ctrl+C to shut down.
INFO  11:51:44 Hosting environment: Development
INFO  11:51:44 Content root path: C:\Users\Administrator.KANINI-LTP-459\Downloads\flowerproj api\CartAPI\CartAPI
INFO  11:53:18  Add item to csrt is invoked
INFO  11:53:20  cart detail by 105 is invokedt
INFO  11:56:54 Application started. Press Ctrl+C to shut down.
INFO  11:56:54 Hosting environment: Development
INFO  11:56:54 Content root path: C:\Users\Administrator.KANINI-LTP-459\Downloads\flowerproj api\CartAPI\CartAPI
INFO  11:57:27 Application started. Press Ctrl+C to shut down.
INFO  11:57:27 Hosting environment: Development
INFO  11:57:27 Content root path: C:\Users\Administrator.KANINI-LTP-459\Downloads\flowerproj api\CartAPI\CartAPI
INFO  11:58:04  Add item to csrt is invoked
INFO  11:58:06  cart detail by 105 is invokedt
INFO  11:58:11  cart detail by 211 is invokedt
INFO  11:58:13 delete cart  by custmer id & flower id 00 is invoked
INFO  11:58:13  cart detail by 105 is invokedt
INFO  12:00:25 Application started. Press Ctrl+C to shut down.
INFO  12:00:25 Hosting environment: Development
INFO  12:00:25 Content root path: C:\Users\Administrator.KANINI-LTP-459\Downloads\flowerproj api\CartAPI\CartAPI
INFO  12:02:16  cart detail by 105 is invokedt
INFO  12:02:20  cart detail by 211 is invokedt
INFO  12:02:22 delete cart  by custmer id & flower id 211 is invoked
INFO  12:02:22  cart detail by 105 is invokedt
INFO  12:02:30  Add item to csrt is invoked
INFO  12:02:30  cart detail by 105 is invokedt
INFO  12:02:32  cart detail by 212 is invokedt
INFO  12:02:37  update item to csrt by id 212is invoked
INFO  12:05:23  cart detail by 105 is invokedt
INFO  12:08:59  Add item to csrt is invoked
INFO  12:08:59  cart detail by 105 is invokedt
INFO  12:09:00  cart detail by 213 is invokedt
INFO  12:09:04  update item to csrt by id 213is invoked
